Using pre-set license
Built from '2021.3/staging' branch; Version is '2021.3.0f1 (6eacc8284459) revision 7253192'; Using compiler version '192829333'; Build Type 'Release'
OS: 'Windows 11  (10.0.22000) 64bit Education' Language: 'zh' Physical Memory: 8092 MB
BatchMode: 1, IsHumanControllingUs: 0, StartBugReporterOnCrash: 0, Is64bit: 1, IsPro: 1

COMMAND LINE ARGUMENTS:
D:\2021.3.0f1\Editor\Unity.exe
-adb2
-batchMode
-noUpm
-name
AssetImportWorker6
-projectPath
D:/JoystickSE
-logFile
Logs/AssetImportWorker6.log
-srvPort
2282
Successfully changed project path to: D:/JoystickSE
D:/JoystickSE
[UnityMemory] Configuration Parameters - Can be set up in boot.config
    "memorysetup-bucket-allocator-granularity=16"
    "memorysetup-bucket-allocator-bucket-count=8"
    "memorysetup-bucket-allocator-block-size=33554432"
    "memorysetup-bucket-allocator-block-count=8"
    "memorysetup-main-allocator-block-size=16777216"
    "memorysetup-thread-allocator-block-size=16777216"
    "memorysetup-gfx-main-allocator-block-size=16777216"
    "memorysetup-gfx-thread-allocator-block-size=16777216"
    "memorysetup-cache-allocator-block-size=4194304"
    "memorysetup-typetree-allocator-block-size=2097152"
    "memorysetup-profiler-bucket-allocator-granularity=16"
    "memorysetup-profiler-bucket-allocator-bucket-count=8"
    "memorysetup-profiler-bucket-allocator-block-size=33554432"
    "memorysetup-profiler-bucket-allocator-block-count=8"
    "memorysetup-profiler-allocator-block-size=16777216"
    "memorysetup-profiler-editor-allocator-block-size=1048576"
    "memorysetup-temp-allocator-size-main=16777216"
    "memorysetup-job-temp-allocator-block-size=2097152"
    "memorysetup-job-temp-allocator-block-size-background=1048576"
    "memorysetup-job-temp-allocator-reduction-small-platforms=262144"
    "memorysetup-temp-allocator-size-background-worker=32768"
    "memorysetup-temp-allocator-size-job-worker=262144"
    "memorysetup-temp-allocator-size-preload-manager=33554432"
    "memorysetup-temp-allocator-size-nav-mesh-worker=65536"
    "memorysetup-temp-allocator-size-audio-worker=65536"
    "memorysetup-temp-allocator-size-cloud-worker=32768"
    "memorysetup-temp-allocator-size-gi-baking-worker=262144"
    "memorysetup-temp-allocator-size-gfx=262144"
Refreshing native plugins compatible for Editor in 810.23 ms, found 3 plugins.
Preloading 0 native plugins for Editor in 0.00 ms.
Initialize engine version: 2021.3.0f1 (6eacc8284459)
[Subsystems] Discovering subsystems at path D:/2021.3.0f1/Editor/Data/Resources/UnitySubsystems
[Subsystems] Discovering subsystems at path D:/JoystickSE/Assets
GfxDevice: creating device client; threaded=0; jobified=0
Direct3D:
    Version:  Direct3D 11.0 [level 11.1]
    Renderer: Intel(R) HD Graphics 615 (ID=0x591e)
    Vendor:   Intel
    VRAM:     4046 MB
    Driver:   22.20.16.4785
Initialize mono
Mono path[0] = 'D:/2021.3.0f1/Editor/Data/Managed'
Mono path[1] = 'D:/2021.3.0f1/Editor/Data/MonoBleedingEdge/lib/mono/unityjit-win32'
Mono config path = 'D:/2021.3.0f1/Editor/Data/MonoBleedingEdge/etc'
Using monoOptions --debugger-agent=transport=dt_socket,embedding=1,server=y,suspend=n,address=127.0.0.1:56064
Begin MonoManager ReloadAssembly
Registering precompiled unity dll's ...
Register platform support module: D:/2021.3.0f1/Editor/Data/PlaybackEngines/WebGLSupport/UnityEditor.WebGL.Extensions.dll
Register platform support module: D:/2021.3.0f1/Editor/Data/PlaybackEngines/AndroidPlayer/UnityEditor.Android.Extensions.dll
Register platform support module: D:/2021.3.0f1/Editor/Data/PlaybackEngines/WindowsStandaloneSupport/UnityEditor.WindowsStandalone.Extensions.dll
Registered in 0.024655 seconds.
Native extension for WindowsStandalone target not found
Native extension for Android target not found
Native extension for WebGL target not found
Refreshing native plugins compatible for Editor in 373.48 ms, found 3 plugins.
Preloading 0 native plugins for Editor in 0.00 ms.
Mono: successfully reloaded assembly
- Completed reload, in  3.396 seconds
Domain Reload Profiling:
	ReloadAssembly (3398ms)
		BeginReloadAssembly (470ms)
			ExecutionOrderSort (0ms)
			DisableScriptedObjects (0ms)
			BackupInstance (0ms)
			ReleaseScriptingObjects (0ms)
			CreateAndSetChildDomain (4ms)
		EndReloadAssembly (2376ms)
			LoadAssemblies (471ms)
			RebuildTransferFunctionScriptingTraits (0ms)
			SetupTypeCache (567ms)
			ReleaseScriptCaches (0ms)
			RebuildScriptCaches (135ms)
			SetupLoadedEditorAssemblies (1394ms)
				LogAssemblyErrors (0ms)
				InitializePlatformSupportModulesInManaged (271ms)
				SetLoadedEditorAssemblies (1ms)
				RefreshPlugins (374ms)
				BeforeProcessingInitializeOnLoad (4ms)
				ProcessInitializeOnLoadAttributes (517ms)
				ProcessInitializeOnLoadMethodAttributes (226ms)
				AfterProcessingInitializeOnLoad (0ms)
				EditorAssembliesLoaded (0ms)
			ExecutionOrderSort2 (0ms)
			AwakeInstancesAfterBackupRestoration (0ms)
Platform modules already initialized, skipping
Registering precompiled user dll's ...
Registered in 0.037747 seconds.
Begin MonoManager ReloadAssembly
Symbol file LoadedFromMemory doesn't match image D:\JoystickSE\Library\PackageCache\com.unity.visualscripting@1.7.6\Editor\VisualScripting.Core\Dependencies\YamlDotNet\Unity.VisualScripting.YamlDotNet.dll
Symbol file LoadedFromMemory is not a mono symbol file
Symbol file LoadedFromMemory doesn't match image D:\JoystickSE\Library\PackageCache\com.unity.visualscripting@1.7.6\Editor\VisualScripting.Core\Dependencies\DotNetZip\Unity.VisualScripting.IonicZip.dll
Native extension for WindowsStandalone target not found
Native extension for Android target not found
Native extension for WebGL target not found
Refreshing native plugins compatible for Editor in 1.24 ms, found 3 plugins.
Preloading 0 native plugins for Editor in 0.00 ms.
Mono: successfully reloaded assembly
- Completed reload, in  4.728 seconds
Domain Reload Profiling:
	ReloadAssembly (4733ms)
		BeginReloadAssembly (654ms)
			ExecutionOrderSort (0ms)
			DisableScriptedObjects (31ms)
			BackupInstance (0ms)
			ReleaseScriptingObjects (0ms)
			CreateAndSetChildDomain (181ms)
		EndReloadAssembly (3659ms)
			LoadAssemblies (639ms)
			RebuildTransferFunctionScriptingTraits (0ms)
			SetupTypeCache (1147ms)
			ReleaseScriptCaches (1ms)
			RebuildScriptCaches (232ms)
			SetupLoadedEditorAssemblies (1544ms)
				LogAssemblyErrors (0ms)
				InitializePlatformSupportModulesInManaged (52ms)
				SetLoadedEditorAssemblies (2ms)
				RefreshPlugins (1ms)
				BeforeProcessingInitializeOnLoad (294ms)
				ProcessInitializeOnLoadAttributes (1033ms)
				ProcessInitializeOnLoadMethodAttributes (151ms)
				AfterProcessingInitializeOnLoad (10ms)
				EditorAssembliesLoaded (0ms)
			ExecutionOrderSort2 (0ms)
			AwakeInstancesAfterBackupRestoration (22ms)
Platform modules already initialized, skipping
========================================================================
Worker process is ready to serve import requests
Launched and connected shader compiler UnityShaderCompiler.exe after 0.17 seconds
Refreshing native plugins compatible for Editor in 0.92 ms, found 3 plugins.
Preloading 0 native plugins for Editor in 0.00 ms.
Unloading 3242 Unused Serialized files (Serialized files now loaded: 0)
Unloading 23 unused Assets / (112.1 KB). Loaded Objects now: 3705.
Memory consumption went from 116.9 MB to 116.7 MB.
Total: 13.708600 ms (FindLiveObjects: 0.995400 ms CreateObjectMapping: 0.706500 ms MarkObjects: 11.760500 ms  DeleteObjects: 0.241200 ms)

AssetImportParameters requested are different than current active one (requested -> active):
  custom:video-decoder-ogg-theora: a1e56fd34408186e4bbccfd4996cb3dc -> 
  custom:container-muxer-webm: aa71ff27fc2769a1b78a27578f13a17b -> 
  custom:container-demuxer-webm: 4f35f7cbe854078d1ac9338744f61a02 -> 
  custom:video-encoder-webm-vp8: eb34c28f22e8b96e1ab97ce403110664 -> 
  custom:audio-encoder-webm-vorbis: bf7c407c2cedff20999df2af8eb42d56 -> 
  custom:framework-win-MediaFoundation: 216162199b28c13a410421893ffa2e32 -> 
  custom:container-demuxer-ogg: 62fdf1f143b41e24485cea50d1cbac27 -> 
  custom:video-decoder-webm-vp8: 9c59270c3fd7afecdb556c50c9e8de78 -> 
  custom:audio-decoder-ogg-vorbis: bf7c407c2cedff20999df2af8eb42d56 -> 
========================================================================
Received Import Request.
  Time since last request: 351835.556759 seconds.
  path: Assets/JoystickSE/JoystickManager.cs
  artifactKey: Guid(8a9fd5df2a5d95347af4a2a1ec36dfd7) Importer(815301076,1909f56bfc062723c751e8b465ee728b)
Start importing Assets/JoystickSE/JoystickManager.cs using Guid(8a9fd5df2a5d95347af4a2a1ec36dfd7) Importer(815301076,1909f56bfc062723c751e8b465ee728b)  -> (artifact id: '8afedd369aac500d075aadf8c514c0c4') in 0.217531 seconds 
========================================================================
Received Import Request.
  Time since last request: 0.000059 seconds.
  path: Assets/JoystickSE/LICENSE
  artifactKey: Guid(9c19927389aa805439726b88b2050b0f) Importer(815301076,1909f56bfc062723c751e8b465ee728b)
Start importing Assets/JoystickSE/LICENSE using Guid(9c19927389aa805439726b88b2050b0f) Importer(815301076,1909f56bfc062723c751e8b465ee728b)  -> (artifact id: '37b55f0831d95b46bbc984f19a56f6e5') in 0.056864 seconds 
========================================================================
Received Import Request.
  Time since last request: 0.000074 seconds.
  path: Assets/JoystickSE/JoystickPanel.cs
  artifactKey: Guid(f75d38b996ae1a24a94262e280707dc2) Importer(815301076,1909f56bfc062723c751e8b465ee728b)
Start importing Assets/JoystickSE/JoystickPanel.cs using Guid(f75d38b996ae1a24a94262e280707dc2) Importer(815301076,1909f56bfc062723c751e8b465ee728b)  -> (artifact id: 'f31121627194a6225b4cfd6f9867196e') in 0.014562 seconds 
========================================================================
Received Prepare
Registering precompiled user dll's ...
Registered in 0.015382 seconds.
Begin MonoManager ReloadAssembly
Symbol file LoadedFromMemory doesn't match image D:\JoystickSE\Library\PackageCache\com.unity.visualscripting@1.7.6\Editor\VisualScripting.Core\Dependencies\YamlDotNet\Unity.VisualScripting.YamlDotNet.dll
Symbol file LoadedFromMemory is not a mono symbol file
Symbol file LoadedFromMemory doesn't match image D:\JoystickSE\Library\PackageCache\com.unity.visualscripting@1.7.6\Editor\VisualScripting.Core\Dependencies\DotNetZip\Unity.VisualScripting.IonicZip.dll
Native extension for WindowsStandalone target not found
Native extension for Android target not found
Native extension for WebGL target not found
Refreshing native plugins compatible for Editor in 2.46 ms, found 3 plugins.
Preloading 0 native plugins for Editor in 0.00 ms.
Mono: successfully reloaded assembly
- Completed reload, in  4.772 seconds
Domain Reload Profiling:
	ReloadAssembly (4775ms)
		BeginReloadAssembly (722ms)
			ExecutionOrderSort (0ms)
			DisableScriptedObjects (25ms)
			BackupInstance (0ms)
			ReleaseScriptingObjects (0ms)
			CreateAndSetChildDomain (146ms)
		EndReloadAssembly (3653ms)
			LoadAssemblies (747ms)
			RebuildTransferFunctionScriptingTraits (0ms)
			SetupTypeCache (1160ms)
			ReleaseScriptCaches (4ms)
			RebuildScriptCaches (164ms)
			SetupLoadedEditorAssemblies (1550ms)
				LogAssemblyErrors (0ms)
				InitializePlatformSupportModulesInManaged (125ms)
				SetLoadedEditorAssemblies (1ms)
				RefreshPlugins (3ms)
				BeforeProcessingInitializeOnLoad (440ms)
				ProcessInitializeOnLoadAttributes (875ms)
				ProcessInitializeOnLoadMethodAttributes (98ms)
				AfterProcessingInitializeOnLoad (6ms)
				EditorAssembliesLoaded (2ms)
			ExecutionOrderSort2 (0ms)
			AwakeInstancesAfterBackupRestoration (23ms)
Platform modules already initialized, skipping
Refreshing native plugins compatible for Editor in 12.93 ms, found 3 plugins.
Preloading 0 native plugins for Editor in 0.00 ms.
Unloading 3237 Unused Serialized files (Serialized files now loaded: 0)
Unloading 16 unused Assets / (78.9 KB). Loaded Objects now: 3708.
Memory consumption went from 116.8 MB to 116.8 MB.
Total: 14.698600 ms (FindLiveObjects: 0.733200 ms CreateObjectMapping: 0.657100 ms MarkObjects: 13.022300 ms  DeleteObjects: 0.280800 ms)

AssetImportParameters requested are different than current active one (requested -> active):
  custom:video-decoder-ogg-theora: a1e56fd34408186e4bbccfd4996cb3dc -> 
  custom:container-muxer-webm: aa71ff27fc2769a1b78a27578f13a17b -> 
  custom:container-demuxer-webm: 4f35f7cbe854078d1ac9338744f61a02 -> 
  custom:video-encoder-webm-vp8: eb34c28f22e8b96e1ab97ce403110664 -> 
  custom:audio-encoder-webm-vorbis: bf7c407c2cedff20999df2af8eb42d56 -> 
  custom:framework-win-MediaFoundation: 216162199b28c13a410421893ffa2e32 -> 
  custom:container-demuxer-ogg: 62fdf1f143b41e24485cea50d1cbac27 -> 
  custom:video-decoder-webm-vp8: 9c59270c3fd7afecdb556c50c9e8de78 -> 
  custom:audio-decoder-ogg-vorbis: bf7c407c2cedff20999df2af8eb42d56 -> 
========================================================================
Received Import Request.
  Time since last request: 156.217605 seconds.
  path: Assets/Test.cs
  artifactKey: Guid(8913d8e58e7b9504286d3ea0cf49be55) Importer(815301076,1909f56bfc062723c751e8b465ee728b)
Start importing Assets/Test.cs using Guid(8913d8e58e7b9504286d3ea0cf49be55) Importer(815301076,1909f56bfc062723c751e8b465ee728b)  -> (artifact id: '1c77510aa559d1354ddd04dc13170d49') in 0.024459 seconds 
========================================================================
Received Prepare
Registering precompiled user dll's ...
Registered in 0.013667 seconds.
Begin MonoManager ReloadAssembly
Symbol file LoadedFromMemory doesn't match image D:\JoystickSE\Library\PackageCache\com.unity.visualscripting@1.7.6\Editor\VisualScripting.Core\Dependencies\YamlDotNet\Unity.VisualScripting.YamlDotNet.dll
Symbol file LoadedFromMemory is not a mono symbol file
Symbol file LoadedFromMemory doesn't match image D:\JoystickSE\Library\PackageCache\com.unity.visualscripting@1.7.6\Editor\VisualScripting.Core\Dependencies\DotNetZip\Unity.VisualScripting.IonicZip.dll
Native extension for WindowsStandalone target not found
Native extension for Android target not found
Native extension for WebGL target not found
Refreshing native plugins compatible for Editor in 2.03 ms, found 3 plugins.
Preloading 0 native plugins for Editor in 0.00 ms.
Mono: successfully reloaded assembly
- Completed reload, in  5.252 seconds
Domain Reload Profiling:
	ReloadAssembly (5254ms)
		BeginReloadAssembly (1116ms)
			ExecutionOrderSort (0ms)
			DisableScriptedObjects (68ms)
			BackupInstance (0ms)
			ReleaseScriptingObjects (0ms)
			CreateAndSetChildDomain (220ms)
		EndReloadAssembly (3477ms)
			LoadAssemblies (546ms)
			RebuildTransferFunctionScriptingTraits (0ms)
			SetupTypeCache (1275ms)
			ReleaseScriptCaches (5ms)
			RebuildScriptCaches (173ms)
			SetupLoadedEditorAssemblies (1454ms)
				LogAssemblyErrors (0ms)
				InitializePlatformSupportModulesInManaged (87ms)
				SetLoadedEditorAssemblies (2ms)
				RefreshPlugins (2ms)
				BeforeProcessingInitializeOnLoad (297ms)
				ProcessInitializeOnLoadAttributes (968ms)
				ProcessInitializeOnLoadMethodAttributes (90ms)
				AfterProcessingInitializeOnLoad (8ms)
				EditorAssembliesLoaded (0ms)
			ExecutionOrderSort2 (0ms)
			AwakeInstancesAfterBackupRestoration (27ms)
Platform modules already initialized, skipping
Refreshing native plugins compatible for Editor in 6.18 ms, found 3 plugins.
Preloading 0 native plugins for Editor in 0.00 ms.
Unloading 3237 Unused Serialized files (Serialized files now loaded: 0)
Unloading 16 unused Assets / (79.0 KB). Loaded Objects now: 3711.
Memory consumption went from 116.8 MB to 116.8 MB.
Total: 30.775400 ms (FindLiveObjects: 0.764900 ms CreateObjectMapping: 1.426100 ms MarkObjects: 28.319600 ms  DeleteObjects: 0.257800 ms)

AssetImportParameters requested are different than current active one (requested -> active):
  custom:video-decoder-ogg-theora: a1e56fd34408186e4bbccfd4996cb3dc -> 
  custom:container-muxer-webm: aa71ff27fc2769a1b78a27578f13a17b -> 
  custom:container-demuxer-webm: 4f35f7cbe854078d1ac9338744f61a02 -> 
  custom:video-encoder-webm-vp8: eb34c28f22e8b96e1ab97ce403110664 -> 
  custom:audio-encoder-webm-vorbis: bf7c407c2cedff20999df2af8eb42d56 -> 
  custom:framework-win-MediaFoundation: 216162199b28c13a410421893ffa2e32 -> 
  custom:container-demuxer-ogg: 62fdf1f143b41e24485cea50d1cbac27 -> 
  custom:video-decoder-webm-vp8: 9c59270c3fd7afecdb556c50c9e8de78 -> 
  custom:audio-decoder-ogg-vorbis: bf7c407c2cedff20999df2af8eb42d56 -> 
========================================================================
Received Prepare
Registering precompiled user dll's ...
Registered in 0.017907 seconds.
Begin MonoManager ReloadAssembly
Symbol file LoadedFromMemory doesn't match image D:\JoystickSE\Library\PackageCache\com.unity.visualscripting@1.7.6\Editor\VisualScripting.Core\Dependencies\YamlDotNet\Unity.VisualScripting.YamlDotNet.dll
Symbol file LoadedFromMemory is not a mono symbol file
Symbol file LoadedFromMemory doesn't match image D:\JoystickSE\Library\PackageCache\com.unity.visualscripting@1.7.6\Editor\VisualScripting.Core\Dependencies\DotNetZip\Unity.VisualScripting.IonicZip.dll
Native extension for WindowsStandalone target not found
Native extension for Android target not found
Native extension for WebGL target not found
Refreshing native plugins compatible for Editor in 1.52 ms, found 3 plugins.
Preloading 0 native plugins for Editor in 0.00 ms.
Mono: successfully reloaded assembly
- Completed reload, in 17.825 seconds
Domain Reload Profiling:
	ReloadAssembly (17829ms)
		BeginReloadAssembly (881ms)
			ExecutionOrderSort (0ms)
			DisableScriptedObjects (43ms)
			BackupInstance (0ms)
			ReleaseScriptingObjects (0ms)
			CreateAndSetChildDomain (224ms)
		EndReloadAssembly (14242ms)
			LoadAssemblies (654ms)
			RebuildTransferFunctionScriptingTraits (0ms)
			SetupTypeCache (2435ms)
			ReleaseScriptCaches (16ms)
			RebuildScriptCaches (1195ms)
			SetupLoadedEditorAssemblies (7511ms)
				LogAssemblyErrors (0ms)
				InitializePlatformSupportModulesInManaged (387ms)
				SetLoadedEditorAssemblies (13ms)
				RefreshPlugins (2ms)
				BeforeProcessingInitializeOnLoad (1284ms)
				ProcessInitializeOnLoadAttributes (5303ms)
				ProcessInitializeOnLoadMethodAttributes (509ms)
				AfterProcessingInitializeOnLoad (11ms)
				EditorAssembliesLoaded (2ms)
			ExecutionOrderSort2 (0ms)
			AwakeInstancesAfterBackupRestoration (197ms)
Platform modules already initialized, skipping
Refreshing native plugins compatible for Editor in 10.22 ms, found 3 plugins.
Preloading 0 native plugins for Editor in 0.00 ms.
Unloading 3237 Unused Serialized files (Serialized files now loaded: 0)
Unloading 16 unused Assets / (78.9 KB). Loaded Objects now: 3714.
Memory consumption went from 116.9 MB to 116.8 MB.
Total: 18.220800 ms (FindLiveObjects: 1.365000 ms CreateObjectMapping: 3.291100 ms MarkObjects: 12.595000 ms  DeleteObjects: 0.962500 ms)

AssetImportParameters requested are different than current active one (requested -> active):
  custom:video-decoder-ogg-theora: a1e56fd34408186e4bbccfd4996cb3dc -> 
  custom:container-muxer-webm: aa71ff27fc2769a1b78a27578f13a17b -> 
  custom:container-demuxer-webm: 4f35f7cbe854078d1ac9338744f61a02 -> 
  custom:video-encoder-webm-vp8: eb34c28f22e8b96e1ab97ce403110664 -> 
  custom:audio-encoder-webm-vorbis: bf7c407c2cedff20999df2af8eb42d56 -> 
  custom:framework-win-MediaFoundation: 216162199b28c13a410421893ffa2e32 -> 
  custom:container-demuxer-ogg: 62fdf1f143b41e24485cea50d1cbac27 -> 
  custom:video-decoder-webm-vp8: 9c59270c3fd7afecdb556c50c9e8de78 -> 
  custom:audio-decoder-ogg-vorbis: bf7c407c2cedff20999df2af8eb42d56 -> 
========================================================================
Received Import Request.
  Time since last request: 788.657880 seconds.
  path: Assets/JoystickSE/Joystick.prefab
  artifactKey: Guid(1e6c1c1427852a54984008395f133038) Importer(815301076,1909f56bfc062723c751e8b465ee728b)
Start importing Assets/JoystickSE/Joystick.prefab using Guid(1e6c1c1427852a54984008395f133038) Importer(815301076,1909f56bfc062723c751e8b465ee728b)  -> (artifact id: '39f75dfc6ea8208135d516b995d7a335') in 0.279032 seconds 
========================================================================
Received Import Request.
  Time since last request: 57.301616 seconds.
  path: Assets/JoystickSE/DanKeTools/UI/UIBasePanel.cs
  artifactKey: Guid(b1ab01a462a742548bbbfa9340ab094c) Importer(815301076,1909f56bfc062723c751e8b465ee728b)
Start importing Assets/JoystickSE/DanKeTools/UI/UIBasePanel.cs using Guid(b1ab01a462a742548bbbfa9340ab094c) Importer(815301076,1909f56bfc062723c751e8b465ee728b)  -> (artifact id: '0dfbb63ccea834f21f5378c0ca838fb5') in 0.029601 seconds 
========================================================================
Received Import Request.
  Time since last request: 0.364449 seconds.
  path: Assets/JoystickSE/DanKeTools/UI/UIManager.cs
  artifactKey: Guid(12d6283ff06d742459cfb43475d8db45) Importer(815301076,1909f56bfc062723c751e8b465ee728b)
Start importing Assets/JoystickSE/DanKeTools/UI/UIManager.cs using Guid(12d6283ff06d742459cfb43475d8db45) Importer(815301076,1909f56bfc062723c751e8b465ee728b)  -> (artifact id: 'ea6e74a386a868e1be8f9bb753012c38') in 0.008238 seconds 
========================================================================
Received Prepare
Registering precompiled user dll's ...
Registered in 0.020634 seconds.
Begin MonoManager ReloadAssembly
Symbol file LoadedFromMemory doesn't match image D:\JoystickSE\Library\PackageCache\com.unity.visualscripting@1.7.6\Editor\VisualScripting.Core\Dependencies\YamlDotNet\Unity.VisualScripting.YamlDotNet.dll
Symbol file LoadedFromMemory is not a mono symbol file
Symbol file LoadedFromMemory doesn't match image D:\JoystickSE\Library\PackageCache\com.unity.visualscripting@1.7.6\Editor\VisualScripting.Core\Dependencies\DotNetZip\Unity.VisualScripting.IonicZip.dll
Native extension for WindowsStandalone target not found
Native extension for Android target not found
Native extension for WebGL target not found
Refreshing native plugins compatible for Editor in 1.28 ms, found 3 plugins.
Preloading 0 native plugins for Editor in 0.00 ms.
Mono: successfully reloaded assembly
- Completed reload, in  4.405 seconds
Domain Reload Profiling:
	ReloadAssembly (4408ms)
		BeginReloadAssembly (507ms)
			ExecutionOrderSort (0ms)
			DisableScriptedObjects (21ms)
			BackupInstance (0ms)
			ReleaseScriptingObjects (0ms)
			CreateAndSetChildDomain (126ms)
		EndReloadAssembly (3448ms)
			LoadAssemblies (437ms)
			RebuildTransferFunctionScriptingTraits (0ms)
			SetupTypeCache (1161ms)
			ReleaseScriptCaches (7ms)
			RebuildScriptCaches (155ms)
			SetupLoadedEditorAssemblies (1448ms)
				LogAssemblyErrors (0ms)
				InitializePlatformSupportModulesInManaged (90ms)
				SetLoadedEditorAssemblies (3ms)
				RefreshPlugins (1ms)
				BeforeProcessingInitializeOnLoad (278ms)
				ProcessInitializeOnLoadAttributes (942ms)
				ProcessInitializeOnLoadMethodAttributes (127ms)
				AfterProcessingInitializeOnLoad (7ms)
				EditorAssembliesLoaded (0ms)
			ExecutionOrderSort2 (0ms)
			AwakeInstancesAfterBackupRestoration (31ms)
Platform modules already initialized, skipping
Refreshing native plugins compatible for Editor in 13.12 ms, found 3 plugins.
Preloading 0 native plugins for Editor in 0.00 ms.
Unloading 3231 Unused Serialized files (Serialized files now loaded: 0)
Unloading 20 unused Assets / (79.7 KB). Loaded Objects now: 3711.
Memory consumption went from 116.7 MB to 116.7 MB.
Total: 23.424600 ms (FindLiveObjects: 0.720000 ms CreateObjectMapping: 0.587500 ms MarkObjects: 21.702100 ms  DeleteObjects: 0.410500 ms)

AssetImportParameters requested are different than current active one (requested -> active):
  custom:video-decoder-ogg-theora: a1e56fd34408186e4bbccfd4996cb3dc -> 
  custom:container-muxer-webm: aa71ff27fc2769a1b78a27578f13a17b -> 
  custom:container-demuxer-webm: 4f35f7cbe854078d1ac9338744f61a02 -> 
  custom:video-encoder-webm-vp8: eb34c28f22e8b96e1ab97ce403110664 -> 
  custom:audio-encoder-webm-vorbis: bf7c407c2cedff20999df2af8eb42d56 -> 
  custom:framework-win-MediaFoundation: 216162199b28c13a410421893ffa2e32 -> 
  custom:container-demuxer-ogg: 62fdf1f143b41e24485cea50d1cbac27 -> 
  custom:video-decoder-webm-vp8: 9c59270c3fd7afecdb556c50c9e8de78 -> 
  custom:audio-decoder-ogg-vorbis: bf7c407c2cedff20999df2af8eb42d56 -> 
========================================================================
Received Prepare
Registering precompiled user dll's ...
Registered in 0.017863 seconds.
Begin MonoManager ReloadAssembly
Symbol file LoadedFromMemory doesn't match image D:\JoystickSE\Library\PackageCache\com.unity.visualscripting@1.7.6\Editor\VisualScripting.Core\Dependencies\YamlDotNet\Unity.VisualScripting.YamlDotNet.dll
Symbol file LoadedFromMemory is not a mono symbol file
Symbol file LoadedFromMemory doesn't match image D:\JoystickSE\Library\PackageCache\com.unity.visualscripting@1.7.6\Editor\VisualScripting.Core\Dependencies\DotNetZip\Unity.VisualScripting.IonicZip.dll
Native extension for WindowsStandalone target not found
Native extension for Android target not found
Native extension for WebGL target not found
Refreshing native plugins compatible for Editor in 1.44 ms, found 3 plugins.
Preloading 0 native plugins for Editor in 0.00 ms.
Mono: successfully reloaded assembly
- Completed reload, in  4.578 seconds
Domain Reload Profiling:
	ReloadAssembly (4582ms)
		BeginReloadAssembly (667ms)
			ExecutionOrderSort (0ms)
			DisableScriptedObjects (26ms)
			BackupInstance (0ms)
			ReleaseScriptingObjects (0ms)
			CreateAndSetChildDomain (114ms)
		EndReloadAssembly (3493ms)
			LoadAssemblies (425ms)
			RebuildTransferFunctionScriptingTraits (0ms)
			SetupTypeCache (1196ms)
			ReleaseScriptCaches (3ms)
			RebuildScriptCaches (190ms)
			SetupLoadedEditorAssemblies (1531ms)
				LogAssemblyErrors (0ms)
				InitializePlatformSupportModulesInManaged (120ms)
				SetLoadedEditorAssemblies (4ms)
				RefreshPlugins (2ms)
				BeforeProcessingInitializeOnLoad (287ms)
				ProcessInitializeOnLoadAttributes (1018ms)
				ProcessInitializeOnLoadMethodAttributes (95ms)
				AfterProcessingInitializeOnLoad (5ms)
				EditorAssembliesLoaded (0ms)
			ExecutionOrderSort2 (0ms)
			AwakeInstancesAfterBackupRestoration (26ms)
Platform modules already initialized, skipping
Refreshing native plugins compatible for Editor in 9.03 ms, found 3 plugins.
Preloading 0 native plugins for Editor in 0.00 ms.
Unloading 3228 Unused Serialized files (Serialized files now loaded: 0)
Unloading 19 unused Assets / (79.0 KB). Loaded Objects now: 3711.
Memory consumption went from 116.7 MB to 116.6 MB.
Total: 18.207900 ms (FindLiveObjects: 0.674800 ms CreateObjectMapping: 0.546500 ms MarkObjects: 16.737300 ms  DeleteObjects: 0.244700 ms)

AssetImportParameters requested are different than current active one (requested -> active):
  custom:video-decoder-ogg-theora: a1e56fd34408186e4bbccfd4996cb3dc -> 
  custom:container-muxer-webm: aa71ff27fc2769a1b78a27578f13a17b -> 
  custom:container-demuxer-webm: 4f35f7cbe854078d1ac9338744f61a02 -> 
  custom:video-encoder-webm-vp8: eb34c28f22e8b96e1ab97ce403110664 -> 
  custom:audio-encoder-webm-vorbis: bf7c407c2cedff20999df2af8eb42d56 -> 
  custom:framework-win-MediaFoundation: 216162199b28c13a410421893ffa2e32 -> 
  custom:container-demuxer-ogg: 62fdf1f143b41e24485cea50d1cbac27 -> 
  custom:video-decoder-webm-vp8: 9c59270c3fd7afecdb556c50c9e8de78 -> 
  custom:audio-decoder-ogg-vorbis: bf7c407c2cedff20999df2af8eb42d56 -> 
========================================================================
Received Import Request.
  Time since last request: 69.700036 seconds.
  path: Assets/JoystickSE/README.md
  artifactKey: Guid(e6a99cfbd5798374b9976777016709dc) Importer(815301076,1909f56bfc062723c751e8b465ee728b)
Start importing Assets/JoystickSE/README.md using Guid(e6a99cfbd5798374b9976777016709dc) Importer(815301076,1909f56bfc062723c751e8b465ee728b)  -> (artifact id: '493eed58a655537b55483d830189f8c8') in 0.137710 seconds 
========================================================================
Received Import Request.
  Time since last request: 17.243908 seconds.
  path: Assets/JoystickSE/scripts
  artifactKey: Guid(d2da00f442c4acb4f87de3dbb00e3f29) Importer(815301076,1909f56bfc062723c751e8b465ee728b)
Start importing Assets/JoystickSE/scripts using Guid(d2da00f442c4acb4f87de3dbb00e3f29) Importer(815301076,1909f56bfc062723c751e8b465ee728b)  -> (artifact id: 'd542d95e5f047af1dd2e6066684ff884') in 0.012870 seconds 
========================================================================
Received Import Request.
  Time since last request: 8.495422 seconds.
  path: Assets/JoystickSE/Scripts
  artifactKey: Guid(d2da00f442c4acb4f87de3dbb00e3f29) Importer(815301076,1909f56bfc062723c751e8b465ee728b)
Start importing Assets/JoystickSE/Scripts using Guid(d2da00f442c4acb4f87de3dbb00e3f29) Importer(815301076,1909f56bfc062723c751e8b465ee728b)  -> (artifact id: '8792c9d7e2394d791cb89a247ebad2b9') in 0.017015 seconds 
========================================================================
Received Prepare
Registering precompiled user dll's ...
Registered in 0.022139 seconds.
Begin MonoManager ReloadAssembly
Symbol file LoadedFromMemory doesn't match image D:\JoystickSE\Library\PackageCache\com.unity.visualscripting@1.7.6\Editor\VisualScripting.Core\Dependencies\YamlDotNet\Unity.VisualScripting.YamlDotNet.dll
Symbol file LoadedFromMemory is not a mono symbol file
Symbol file LoadedFromMemory doesn't match image D:\JoystickSE\Library\PackageCache\com.unity.visualscripting@1.7.6\Editor\VisualScripting.Core\Dependencies\DotNetZip\Unity.VisualScripting.IonicZip.dll
Native extension for WindowsStandalone target not found
Native extension for Android target not found
Native extension for WebGL target not found
Refreshing native plugins compatible for Editor in 7.11 ms, found 3 plugins.
Preloading 0 native plugins for Editor in 0.00 ms.
Mono: successfully reloaded assembly
- Completed reload, in  4.553 seconds
Domain Reload Profiling:
	ReloadAssembly (4555ms)
		BeginReloadAssembly (627ms)
			ExecutionOrderSort (0ms)
			DisableScriptedObjects (35ms)
			BackupInstance (0ms)
			ReleaseScriptingObjects (0ms)
			CreateAndSetChildDomain (160ms)
		EndReloadAssembly (3538ms)
			LoadAssemblies (476ms)
			RebuildTransferFunctionScriptingTraits (0ms)
			SetupTypeCache (1211ms)
			ReleaseScriptCaches (6ms)
			RebuildScriptCaches (231ms)
			SetupLoadedEditorAssemblies (1473ms)
				LogAssemblyErrors (0ms)
				InitializePlatformSupportModulesInManaged (94ms)
				SetLoadedEditorAssemblies (1ms)
				RefreshPlugins (7ms)
				BeforeProcessingInitializeOnLoad (248ms)
				ProcessInitializeOnLoadAttributes (1018ms)
				ProcessInitializeOnLoadMethodAttributes (98ms)
				AfterProcessingInitializeOnLoad (6ms)
				EditorAssembliesLoaded (0ms)
			ExecutionOrderSort2 (0ms)
			AwakeInstancesAfterBackupRestoration (21ms)
Platform modules already initialized, skipping
Refreshing native plugins compatible for Editor in 6.20 ms, found 3 plugins.
Preloading 0 native plugins for Editor in 0.00 ms.
Unloading 3228 Unused Serialized files (Serialized files now loaded: 0)
Unloading 16 unused Assets / (78.9 KB). Loaded Objects now: 3714.
Memory consumption went from 116.7 MB to 116.6 MB.
Total: 12.681500 ms (FindLiveObjects: 0.734200 ms CreateObjectMapping: 0.589200 ms MarkObjects: 11.101000 ms  DeleteObjects: 0.252300 ms)

AssetImportParameters requested are different than current active one (requested -> active):
  custom:video-decoder-ogg-theora: a1e56fd34408186e4bbccfd4996cb3dc -> 
  custom:container-muxer-webm: aa71ff27fc2769a1b78a27578f13a17b -> 
  custom:container-demuxer-webm: 4f35f7cbe854078d1ac9338744f61a02 -> 
  custom:video-encoder-webm-vp8: eb34c28f22e8b96e1ab97ce403110664 -> 
  custom:audio-encoder-webm-vorbis: bf7c407c2cedff20999df2af8eb42d56 -> 
  custom:framework-win-MediaFoundation: 216162199b28c13a410421893ffa2e32 -> 
  custom:container-demuxer-ogg: 62fdf1f143b41e24485cea50d1cbac27 -> 
  custom:video-decoder-webm-vp8: 9c59270c3fd7afecdb556c50c9e8de78 -> 
  custom:audio-decoder-ogg-vorbis: bf7c407c2cedff20999df2af8eb42d56 -> 
========================================================================
Received Import Request.
  Time since last request: 536.391999 seconds.
  path: Assets/JoystickSE/README.md
  artifactKey: Guid(e6a99cfbd5798374b9976777016709dc) Importer(815301076,1909f56bfc062723c751e8b465ee728b)
Start importing Assets/JoystickSE/README.md using Guid(e6a99cfbd5798374b9976777016709dc) Importer(815301076,1909f56bfc062723c751e8b465ee728b)  -> (artifact id: 'dba05e70337f74d468011b26fc8536b5') in 0.119212 seconds 
========================================================================
Received Import Request.
  Time since last request: 164.492034 seconds.
  path: Assets/JoystickSE/JoystickSE.prefab
  artifactKey: Guid(1e6c1c1427852a54984008395f133038) Importer(815301076,1909f56bfc062723c751e8b465ee728b)
Start importing Assets/JoystickSE/JoystickSE.prefab using Guid(1e6c1c1427852a54984008395f133038) Importer(815301076,1909f56bfc062723c751e8b465ee728b)  -> (artifact id: 'f25058053cb7efd47a00f6e599265227') in 0.130806 seconds 
========================================================================
Received Prepare
Registering precompiled user dll's ...
Registered in 0.012945 seconds.
Begin MonoManager ReloadAssembly
Symbol file LoadedFromMemory doesn't match image D:\JoystickSE\Library\PackageCache\com.unity.visualscripting@1.7.6\Editor\VisualScripting.Core\Dependencies\YamlDotNet\Unity.VisualScripting.YamlDotNet.dll
Symbol file LoadedFromMemory is not a mono symbol file
Symbol file LoadedFromMemory doesn't match image D:\JoystickSE\Library\PackageCache\com.unity.visualscripting@1.7.6\Editor\VisualScripting.Core\Dependencies\DotNetZip\Unity.VisualScripting.IonicZip.dll
Native extension for WindowsStandalone target not found
Native extension for Android target not found
Native extension for WebGL target not found
Refreshing native plugins compatible for Editor in 5.42 ms, found 3 plugins.
Preloading 0 native plugins for Editor in 0.00 ms.
Mono: successfully reloaded assembly
- Completed reload, in 14.584 seconds
Domain Reload Profiling:
	ReloadAssembly (14593ms)
		BeginReloadAssembly (1410ms)
			ExecutionOrderSort (0ms)
			DisableScriptedObjects (80ms)
			BackupInstance (0ms)
			ReleaseScriptingObjects (0ms)
			CreateAndSetChildDomain (346ms)
		EndReloadAssembly (11525ms)
			LoadAssemblies (1091ms)
			RebuildTransferFunctionScriptingTraits (4ms)
			SetupTypeCache (3886ms)
			ReleaseScriptCaches (6ms)
			RebuildScriptCaches (726ms)
			SetupLoadedEditorAssemblies (5296ms)
				LogAssemblyErrors (0ms)
				InitializePlatformSupportModulesInManaged (228ms)
				SetLoadedEditorAssemblies (8ms)
				RefreshPlugins (6ms)
				BeforeProcessingInitializeOnLoad (1173ms)
				ProcessInitializeOnLoadAttributes (3571ms)
				ProcessInitializeOnLoadMethodAttributes (281ms)
				AfterProcessingInitializeOnLoad (26ms)
				EditorAssembliesLoaded (4ms)
			ExecutionOrderSort2 (0ms)
			AwakeInstancesAfterBackupRestoration (49ms)
Platform modules already initialized, skipping
Refreshing native plugins compatible for Editor in 45.65 ms, found 3 plugins.
Preloading 0 native plugins for Editor in 0.00 ms.
Unloading 3228 Unused Serialized files (Serialized files now loaded: 0)
Unloading 16 unused Assets / (79.0 KB). Loaded Objects now: 3717.
Memory consumption went from 116.7 MB to 116.6 MB.
Total: 82.288900 ms (FindLiveObjects: 16.020300 ms CreateObjectMapping: 12.264400 ms MarkObjects: 51.599000 ms  DeleteObjects: 2.399000 ms)

AssetImportParameters requested are different than current active one (requested -> active):
  custom:video-decoder-ogg-theora: a1e56fd34408186e4bbccfd4996cb3dc -> 
  custom:container-muxer-webm: aa71ff27fc2769a1b78a27578f13a17b -> 
  custom:container-demuxer-webm: 4f35f7cbe854078d1ac9338744f61a02 -> 
  custom:video-encoder-webm-vp8: eb34c28f22e8b96e1ab97ce403110664 -> 
  custom:audio-encoder-webm-vorbis: bf7c407c2cedff20999df2af8eb42d56 -> 
  custom:framework-win-MediaFoundation: 216162199b28c13a410421893ffa2e32 -> 
  custom:container-demuxer-ogg: 62fdf1f143b41e24485cea50d1cbac27 -> 
  custom:video-decoder-webm-vp8: 9c59270c3fd7afecdb556c50c9e8de78 -> 
  custom:audio-decoder-ogg-vorbis: bf7c407c2cedff20999df2af8eb42d56 -> 
========================================================================
Received Prepare
Registering precompiled user dll's ...
Registered in 0.023478 seconds.
Begin MonoManager ReloadAssembly
Symbol file LoadedFromMemory doesn't match image D:\JoystickSE\Library\PackageCache\com.unity.visualscripting@1.7.6\Editor\VisualScripting.Core\Dependencies\YamlDotNet\Unity.VisualScripting.YamlDotNet.dll
Symbol file LoadedFromMemory is not a mono symbol file
Symbol file LoadedFromMemory doesn't match image D:\JoystickSE\Library\PackageCache\com.unity.visualscripting@1.7.6\Editor\VisualScripting.Core\Dependencies\DotNetZip\Unity.VisualScripting.IonicZip.dll
Native extension for WindowsStandalone target not found
Native extension for Android target not found
Native extension for WebGL target not found
Refreshing native plugins compatible for Editor in 5.33 ms, found 3 plugins.
Preloading 0 native plugins for Editor in 0.00 ms.
Mono: successfully reloaded assembly
- Completed reload, in  9.967 seconds
Domain Reload Profiling:
	ReloadAssembly (9969ms)
		BeginReloadAssembly (1208ms)
			ExecutionOrderSort (0ms)
			DisableScriptedObjects (22ms)
			BackupInstance (0ms)
			ReleaseScriptingObjects (0ms)
			CreateAndSetChildDomain (187ms)
		EndReloadAssembly (7368ms)
			LoadAssemblies (1276ms)
			RebuildTransferFunctionScriptingTraits (0ms)
			SetupTypeCache (4358ms)
			ReleaseScriptCaches (7ms)
			RebuildScriptCaches (368ms)
			SetupLoadedEditorAssemblies (1413ms)
				LogAssemblyErrors (0ms)
				InitializePlatformSupportModulesInManaged (134ms)
				SetLoadedEditorAssemblies (6ms)
				RefreshPlugins (6ms)
				BeforeProcessingInitializeOnLoad (375ms)
				ProcessInitializeOnLoadAttributes (796ms)
				ProcessInitializeOnLoadMethodAttributes (90ms)
				AfterProcessingInitializeOnLoad (5ms)
				EditorAssembliesLoaded (0ms)
			ExecutionOrderSort2 (0ms)
			AwakeInstancesAfterBackupRestoration (25ms)
Platform modules already initialized, skipping
Refreshing native plugins compatible for Editor in 8.13 ms, found 3 plugins.
Preloading 0 native plugins for Editor in 0.00 ms.
Unloading 3228 Unused Serialized files (Serialized files now loaded: 0)
Unloading 16 unused Assets / (79.0 KB). Loaded Objects now: 3720.
Memory consumption went from 116.7 MB to 116.6 MB.
Total: 14.629000 ms (FindLiveObjects: 0.662100 ms CreateObjectMapping: 2.147800 ms MarkObjects: 11.563500 ms  DeleteObjects: 0.250700 ms)

AssetImportParameters requested are different than current active one (requested -> active):
  custom:video-decoder-ogg-theora: a1e56fd34408186e4bbccfd4996cb3dc -> 
  custom:container-muxer-webm: aa71ff27fc2769a1b78a27578f13a17b -> 
  custom:container-demuxer-webm: 4f35f7cbe854078d1ac9338744f61a02 -> 
  custom:video-encoder-webm-vp8: eb34c28f22e8b96e1ab97ce403110664 -> 
  custom:audio-encoder-webm-vorbis: bf7c407c2cedff20999df2af8eb42d56 -> 
  custom:framework-win-MediaFoundation: 216162199b28c13a410421893ffa2e32 -> 
  custom:container-demuxer-ogg: 62fdf1f143b41e24485cea50d1cbac27 -> 
  custom:video-decoder-webm-vp8: 9c59270c3fd7afecdb556c50c9e8de78 -> 
  custom:audio-decoder-ogg-vorbis: bf7c407c2cedff20999df2af8eb42d56 -> 
========================================================================
Received Import Request.
  Time since last request: 101.587388 seconds.
  path: Assets/JoystickSE/README.md
  artifactKey: Guid(e6a99cfbd5798374b9976777016709dc) Importer(815301076,1909f56bfc062723c751e8b465ee728b)
Start importing Assets/JoystickSE/README.md using Guid(e6a99cfbd5798374b9976777016709dc) Importer(815301076,1909f56bfc062723c751e8b465ee728b)  -> (artifact id: '3f833c9aa1525840e4f5bf6a892aa6eb') in 0.071012 seconds 
========================================================================
Received Import Request.
  Time since last request: 31.649188 seconds.
  path: Assets/JoystickSE/Scripts/JoystickPanel.cs
  artifactKey: Guid(f75d38b996ae1a24a94262e280707dc2) Importer(815301076,1909f56bfc062723c751e8b465ee728b)
Start importing Assets/JoystickSE/Scripts/JoystickPanel.cs using Guid(f75d38b996ae1a24a94262e280707dc2) Importer(815301076,1909f56bfc062723c751e8b465ee728b)  -> (artifact id: 'da0b333b1a950839745ca23ad4e7b224') in 3.067136 seconds 
